#
# There is insufficient memory for the Java Runtime Environment to continue.
# Native memory allocation (malloc) failed to allocate 1626032 bytes for Chunk::new
# Possible reasons:
#   The system is out of physical RAM or swap space
#   In 32 bit mode, the process size limit was hit
# Possible solutions:
#   Reduce memory load on the system
#   Increase physical memory or swap space
#   Check if swap backing store is full
#   Use 64 bit Java on a 64 bit OS
#   Decrease Java heap size (-Xmx/-Xms)
#   Decrease number of Java threads
#   Decrease Java thread stack sizes (-Xss)
#   Set larger code cache with -XX:ReservedCodeCacheSize=
# This output file may be truncated or incomplete.
#
#  Out of Memory Error (allocation.cpp:390), pid=6636, tid=0x00000000000024ec
#
# JRE version: Java(TM) SE Runtime Environment (8.0_101-b13) (build 1.8.0_101-b13)
# Java VM: Java HotSpot(TM) 64-Bit Server VM (25.101-b13 mixed mode windows-amd64 compressed oops)
# Failed to write core dump. Minidumps are not enabled by default on client versions of Windows
#

---------------  T H R E A D  ---------------

Current thread (0x0000000017f13000):  JavaThread "C2 CompilerThread1" daemon [_thread_in_native, id=9452, stack(0x0000000019650000,0x0000000019750000)]

Stack: [0x0000000019650000,0x0000000019750000]
[error occurred during error reporting (printing stack bounds), id 0xc0000005]

Native frames: (J=compiled Java code, j=interpreted, Vv=VM code, C=native code)


Current CompileTask:
C2:   4243 1798       4       java.net.URLClassLoader$1::run (5 bytes)


---------------  P R O C E S S  ---------------

Java Threads: ( => current thread )
  0x0000000019878800 JavaThread "Service Thread" daemon [_thread_blocked, id=6272, stack(0x0000000019c50000,0x0000000019d50000)]
  0x0000000017f19800 JavaThread "C1 CompilerThread2" daemon [_thread_blocked, id=212, stack(0x0000000019750000,0x0000000019850000)]
=>0x0000000017f13000 JavaThread "C2 CompilerThread1" daemon [_thread_in_native, id=9452, stack(0x0000000019650000,0x0000000019750000)]
  0x0000000017f0e000 JavaThread "C2 CompilerThread0" daemon [_thread_in_native, id=9160, stack(0x0000000019550000,0x0000000019650000)]
  0x0000000017f0c800 JavaThread "Attach Listener" daemon [_thread_blocked, id=2656, stack(0x0000000019450000,0x0000000019550000)]
  0x0000000017f0b800 JavaThread "Signal Dispatcher" daemon [_thread_blocked, id=12040, stack(0x0000000019350000,0x0000000019450000)]
  0x000000000338e800 JavaThread "Finalizer" daemon [_thread_blocked, id=5624, stack(0x0000000019160000,0x0000000019260000)]
  0x0000000003383000 JavaThread "Reference Handler" daemon [_thread_blocked, id=2600, stack(0x0000000019060000,0x0000000019160000)]
  0x000000000341e000 JavaThread "main" [_thread_in_native, id=10572, stack(0x0000000003120000,0x0000000003220000)]

Other Threads:
  0x0000000017ed7800 VMThread [stack: 0x0000000018f60000,0x0000000019060000] [id=7736]
  0x00000000198ab000 WatcherThread [stack: 0x0000000019d50000,0x0000000019e50000] [id=10980]

VM state:not at safepoint (normal execution)

VM Mutex/Monitor currently owned by a thread: None

Heap:
 PSYoungGen      total 37888K, used 35668K [0x00000000d6000000, 0x00000000d8a00000, 0x0000000100000000)
  eden space 32768K, 93% used [0x00000000d6000000,0x00000000d7ddc2a0,0x00000000d8000000)
  from space 5120K, 99% used [0x00000000d8500000,0x00000000d89f8e78,0x00000000d8a00000)
  to   space 5120K, 0% used [0x00000000d8000000,0x00000000d8000000,0x00000000d8500000)
 ParOldGen       total 86016K, used 2106K [0x0000000082000000, 0x0000000087400000, 0x00000000d6000000)
  object space 86016K, 2% used [0x0000000082000000,0x000000008220e848,0x0000000087400000)
 Metaspace       used 15055K, capacity 15352K, committed 15616K, reserved 1062912K
  class space    used 1864K, capacity 1948K, committed 2048K, reserved 1048576K

Card table byte_map: [0x00000000127e0000,0x0000000012be0000] byte_map_base: 0x00000000123d0000

Marking Bits: (ParMarkBitMap*) 0x0000000065c2a6d0
 Begin Bits: [0x0000000013280000, 0x0000000015200000)
 End Bits:   [0x0000000015200000, 0x0000000017180000)

Polling page: 0x0000000001880000

CodeCache: size=245760Kb used=6764Kb max_used=6764Kb free=238995Kb
 bounds [0x0000000003420000, 0x0000000003ad0000, 0x0000000012420000]
 total_blobs=2329 nmethods=1988 adapters=253
 compilation: enabled

Compilation events (10 events):
Event: 4.231 Thread 0x0000000017f19800 1989       3       org.eclipse.aether.internal.impl.DefaultRemoteRepositoryManager::getKey (5 bytes)
Event: 4.231 Thread 0x0000000017f19800 nmethod 1989 0x0000000003abf150 code [0x0000000003abf2a0, 0x0000000003abf490]
Event: 4.231 Thread 0x0000000017f19800 1990       3       org.eclipse.aether.repository.RemoteRepository::hash (13 bytes)
Event: 4.232 Thread 0x0000000017f19800 nmethod 1990 0x0000000003abf550 code [0x0000000003abf6c0, 0x0000000003abf908]
Event: 4.232 Thread 0x0000000017f19800 1991       3       java.util.Collections$UnmodifiableMap::size (10 bytes)
Event: 4.232 Thread 0x0000000017f19800 nmethod 1991 0x0000000003abf9d0 code [0x0000000003abfb40, 0x0000000003abfd68]
Event: 4.232 Thread 0x0000000017f19800 1988       1       org.apache.maven.model.Model::getUrl (5 bytes)
Event: 4.232 Thread 0x0000000017f19800 nmethod 1988 0x0000000003abfe10 code [0x0000000003abff60, 0x0000000003ac0070]
Event: 4.232 Thread 0x0000000017f19800 1992       1       org.eclipse.aether.repository.RepositoryPolicy::isEnabled (5 bytes)
Event: 4.232 Thread 0x0000000017f19800 nmethod 1992 0x0000000003ac00d0 code [0x0000000003ac0220, 0x0000000003ac0330]

GC Heap History (4 events):
Event: 2.399 GC heap before
{Heap before GC invocations=1 (full 0):
 PSYoungGen      total 37888K, used 32768K [0x00000000d6000000, 0x00000000d8a00000, 0x0000000100000000)
  eden space 32768K, 100% used [0x00000000d6000000,0x00000000d8000000,0x00000000d8000000)
  from space 5120K, 0% used [0x00000000d8500000,0x00000000d8500000,0x00000000d8a00000)
  to   space 5120K, 0% used [0x00000000d8000000,0x00000000d8000000,0x00000000d8500000)
 ParOldGen       total 86016K, used 0K [0x0000000082000000, 0x0000000087400000, 0x00000000d6000000)
  object space 86016K, 0% used [0x0000000082000000,0x0000000082000000,0x0000000087400000)
 Metaspace       used 7792K, capacity 7924K, committed 8064K, reserved 1056768K
  class space    used 981K, capacity 1048K, committed 1152K, reserved 1048576K
Event: 2.403 GC heap after
Heap after GC invocations=1 (full 0):
 PSYoungGen      total 37888K, used 4642K [0x00000000d6000000, 0x00000000d8a00000, 0x0000000100000000)
  eden space 32768K, 0% used [0x00000000d6000000,0x00000000d6000000,0x00000000d8000000)
  from space 5120K, 90% used [0x00000000d8000000,0x00000000d84888f8,0x00000000d8500000)
  to   space 5120K, 0% used [0x00000000d8500000,0x00000000d8500000,0x00000000d8a00000)
 ParOldGen       total 86016K, used 8K [0x0000000082000000, 0x0000000087400000, 0x00000000d6000000)
  object space 86016K, 0% used [0x0000000082000000,0x0000000082002000,0x0000000087400000)
 Metaspace       used 7792K, capacity 7924K, committed 8064K, reserved 1056768K
  class space    used 981K, capacity 1048K, committed 1152K, reserved 1048576K
}
Event: 2.792 GC heap before
{Heap before GC invocations=2 (full 0):
 PSYoungGen      total 37888K, used 37410K [0x00000000d6000000, 0x00000000d8a00000, 0x0000000100000000)
  eden space 32768K, 100% used [0x00000000d6000000,0x00000000d8000000,0x00000000d8000000)
  from space 5120K, 90% used [0x00000000d8000000,0x00000000d84888f8,0x00000000d8500000)
  to   space 5120K, 0% used [0x00000000d8500000,0x00000000d8500000,0x00000000d8a00000)
 ParOldGen       total 86016K, used 8K [0x0000000082000000, 0x0000000087400000, 0x00000000d6000000)
  object space 86016K, 0% used [0x0000000082000000,0x0000000082002000,0x0000000087400000)
 Metaspace       used 11683K, capacity 11782K, committed 12160K, reserved 1060864K
  class space    used 1480K, capacity 1541K, committed 1664K, reserved 1048576K
Event: 2.798 GC heap after
Heap after GC invocations=2 (full 0):
 PSYoungGen      total 37888K, used 5091K [0x00000000d6000000, 0x00000000d8a00000, 0x0000000100000000)
  eden space 32768K, 0% used [0x00000000d6000000,0x00000000d6000000,0x00000000d8000000)
  from space 5120K, 99% used [0x00000000d8500000,0x00000000d89f8e78,0x00000000d8a00000)
  to   space 5120K, 0% used [0x00000000d8000000,0x00000000d8000000,0x00000000d8500000)
 ParOldGen       total 86016K, used 2106K [0x0000000082000000, 0x0000000087400000, 0x00000000d6000000)
  object space 86016K, 2% used [0x0000000082000000,0x000000008220e848,0x0000000087400000)
 Metaspace       used 11683K, capacity 11782K, committed 12160K, reserved 1060864K
  class space    used 1480K, capacity 1541K, committed 1664K, reserved 1048576K
}

Deoptimization events (10 events):
Event: 3.203 Thread 0x000000000341e000 Uncommon trap: reason=unstable_if action=reinterpret pc=0x00000000035811a8 method=java.lang.String.startsWith(Ljava/lang/String;I)Z @ 25
Event: 3.320 Thread 0x000000000341e000 Uncommon trap: reason=unstable_if action=reinterpret pc=0x0000000003700f78 method=org.codehaus.plexus.util.xml.pull.MXParser.nextImpl()I @ 879
Event: 3.352 Thread 0x000000000341e000 Uncommon trap: reason=unstable_if action=reinterpret pc=0x00000000036b1224 method=sun.nio.cs.UTF_8$Decoder.decodeArrayLoop(Ljava/nio/ByteBuffer;Ljava/nio/CharBuffer;)Ljava/nio/charset/CoderResult; @ 84
Event: 3.470 Thread 0x000000000341e000 Uncommon trap: reason=unstable_if action=reinterpret pc=0x00000000039b99cc method=org.codehaus.plexus.util.xml.pull.MXParser.nextImpl()I @ 1161
Event: 3.477 Thread 0x000000000341e000 Uncommon trap: reason=unstable_if action=reinterpret pc=0x00000000037f8abc method=java.util.HashMap.hash(Ljava/lang/Object;)I @ 1
Event: 3.477 Thread 0x000000000341e000 Uncommon trap: reason=unstable_if action=reinterpret pc=0x000000000374b3e8 method=java.util.HashMap.hash(Ljava/lang/Object;)I @ 1
Event: 3.562 Thread 0x000000000341e000 Uncommon trap: reason=null_check action=make_not_entrant pc=0x00000000039d4f1c method=org.apache.maven.model.io.xpp3.MavenXpp3Reader.checkFieldWithDuplicate(Lorg/codehaus/plexus/util/xml/pull/XmlPullParser;Ljava/lang/String;Ljava/lang/String;Ljava/util/SetCïP„š@
Event: 3.825 Thread 0x000000000341e000 Uncommon trap: reason=unstable_if action=reinterpret pc=0x00000000039f2290 method=org.codehaus.plexus.util.xml.pull.MXParser.nextImpl()I @ 972
Event: 3.856 Thread 0x000000000341e000 Uncommon trap: reason=unstable_if action=reinterpret pc=0x000000000396d2e8 method=sun.net.www.protocol.jar.Handler.parseURL(Ljava/net/URL;Ljava/lang/String;II)V @ 94
Event: 3.861 Thread 0x000000000341e000 Uncommon trap: reason=bimorphic action=maybe_recompile pc=0x000000000395fb28 method=java.util.regex.Pattern$CharProperty.match(Ljava/util/regex/Matcher;ILjava/lang/CharSequence;)Z @ 37

Internal exceptions (10 events):
Event: 2.847 Thread 0x000000000341e000 Exception <a 'java/lang/NoClassDefFoundError': javax/annotation/Priority> (0x00000000d63a5820) thrown at [C:\re\workspace\8-2-build-windows-amd64-cygwin\jdk8u101\7261\hotspot\src\share\vm\classfile\systemDictionary.cpp, line 199]
Event: 3.091 Thread 0x000000000341e000 Exception <a 'java/lang/NullPointerException'> (0x00000000d698ec30) thrown at [C:\re\workspace\8-2-build-windows-amd64-cygwin\jdk8u101\7261\hotspot\src\share\vm\interpreter\linkResolver.cpp, line 1178]
Event: 3.091 Thread 0x000000000341e000 Exception <a 'java/lang/NullPointerException'> (0x00000000d698ee48) thrown at [C:\re\workspace\8-2-build-windows-amd64-cygwin\jdk8u101\7261\hotspot\src\share\vm\interpreter\linkResolver.cpp, line 1178]
Event: 3.091 Thread 0x000000000341e000 Exception <a 'java/lang/NullPointerException'> (0x00000000d698f060) thrown at [C:\re\workspace\8-2-build-windows-amd64-cygwin\jdk8u101\7261\hotspot\src\share\vm\interpreter\linkResolver.cpp, line 1178]
Event: 3.092 Thread 0x000000000341e000 Exception <a 'java/lang/NullPointerException'> (0x00000000d69a7290) thrown at [C:\re\workspace\8-2-build-windows-amd64-cygwin\jdk8u101\7261\hotspot\src\share\vm\interpreter\linkResolver.cpp, line 1178]
Event: 3.092 Thread 0x000000000341e000 Exception <a 'java/lang/NullPointerException'> (0x00000000d69a74a8) thrown at [C:\re\workspace\8-2-build-windows-amd64-cygwin\jdk8u101\7261\hotspot\src\share\vm\interpreter\linkResolver.cpp, line 1178]
Event: 3.092 Thread 0x000000000341e000 Exception <a 'java/lang/NullPointerException'> (0x00000000d69a76c0) thrown at [C:\re\workspace\8-2-build-windows-amd64-cygwin\jdk8u101\7261\hotspot\src\share\vm\interpreter\linkResolver.cpp, line 1178]
Event: 3.477 Thread 0x000000000341e000 Implicit null exception at 0x00000000037f88d5 to 0x00000000037f8aad
Event: 3.477 Thread 0x000000000341e000 Implicit null exception at 0x000000000374b36f to 0x000000000374b3d9
Event: 3.562 Thread 0x000000000341e000 Implicit null exception at 0x00000000039d4cb7 to 0x00000000039d4f01

Events (10 events):
Event: 3.937 loading class org/apache/maven/plugin/clean/Cleaner$2
Event: 3.937 loading class org/apache/maven/plugin/clean/Cleaner$2 done
Event: 3.937 loading class org/apache/maven/plugin/clean/Cleaner$3
Event: 3.937 loading class org/apache/maven/plugin/clean/Cleaner$3 done
Event: 3.937 loading class org/apache/maven/plugin/clean/Cleaner$3
Event: 3.937 loading class org/apache/maven/plugin/clean/Cleaner$3 done
Event: 3.937 loading class org/apache/maven/plugin/clean/Cleaner$3
Event: 3.937 loading class org/apache/maven/plugin/clean/Cleaner$3 done
Event: 4.190 Executing VM operation: EnableBiasedLocking
Event: 4.190 Executing VM operation: EnableBiasedLocking done


Dynamic libraries:
0x00007ff7ea580000 - 0x00007ff7ea5b7000 	C:\Program Files\Java\jdk1.8.0_101\bin\javaw.exe
0x00007ff8ed890000 - 0x00007ff8eda6b000 	C:\Windows\SYSTEM32\ntdll.dll
0x00007ff8eb2d0000 - 0x00007ff8eb37e000 	C:\Windows\System32\KERNEL32.DLL
0x00007ff8e9db0000 - 0x00007ff8e9ff9000 	C:\Windows\System32\KERNELBASE.dll
0x00007ff8e84a0000 - 0x00007ff8e851e000 	C:\Windows\SYSTEM32\apphelp.dll
0x00007ff8ed1b0000 - 0x00007ff8ed251000 	C:\Windows\System32\ADVAPI32.dll
0x00007ff8ed7f0000 - 0x00007ff8ed88d000 	C:\Windows\System32\msvcrt.dll
0x00007ff8eaf70000 - 0x00007ff8eafc9000 	C:\Windows\System32\sechost.dll
0x00007ff8eced0000 - 0x00007ff8ecff5000 	C:\Windows\System32\RPCRT4.dll
0x00007ff8ed060000 - 0x00007ff8ed1aa000 	C:\Windows\System32\USER32.dll
0x00007ff8eac50000 - 0x00007ff8eac6e000 	C:\Windows\System32\win32u.dll
0x00007ff8eba00000 - 0x00007ff8eba27000 	C:\Windows\System32\GDI32.dll
0x00007ff8ea2d0000 - 0x00007ff8ea457000 	C:\Windows\System32\gdi32full.dll
0x00007ff8eabb0000 - 0x00007ff8eac4a000 	C:\Windows\System32\msvcp_win.dll
0x00007ff8ea000000 - 0x00007ff8ea0f6000 	C:\Windows\System32\ucrtbase.dll
0x00007ff8e07b0000 - 0x00007ff8e0a17000 	C:\Windows\WinSxS\amd64_microsoft.windows.common-controls_6595b64144ccf1df_6.0.15063.483_none_26002d27e7c744a2\COMCTL32.dll
0x00007ff8eb570000 - 0x00007ff8eb869000 	C:\Windows\System32\combase.dll
0x00007ff8eac70000 - 0x00007ff8eacda000 	C:\Windows\System32\bcryptPrimitives.dll
0x00007ff8eaf40000 - 0x00007ff8eaf6d000 	C:\Windows\System32\IMM32.DLL
0x0000000065cb0000 - 0x0000000065d82000 	C:\Program Files\Java\jdk1.8.0_101\jre\bin\msvcr100.dll
0x0000000065410000 - 0x0000000065caa000 	C:\Program Files\Java\jdk1.8.0_101\jre\bin\server\jvm.dll
0x00007ff8eb260000 - 0x00007ff8eb268000 	C:\Windows\System32\PSAPI.DLL
0x00007ff8d9940000 - 0x00007ff8d9949000 	C:\Windows\SYSTEM32\WSOCK32.dll
0x00007ff8e8230000 - 0x00007ff8e8253000 	C:\Windows\SYSTEM32\WINMM.dll
0x00007ff8eb390000 - 0x00007ff8eb3fc000 	C:\Windows\System32\WS2_32.dll
0x00007ff8e0b60000 - 0x00007ff8e0b6a000 	C:\Windows\SYSTEM32\VERSION.dll
0x00007ff8e7f70000 - 0x00007ff8e7f9b000 	C:\Windows\SYSTEM32\WINMMBASE.dll
0x00007ff8eab60000 - 0x00007ff8eaba9000 	C:\Windows\System32\cfgmgr32.dll
0x0000000065400000 - 0x000000006540f000 	C:\Program Files\Java\jdk1.8.0_101\jre\bin\verify.dll
0x00000000653d0000 - 0x00000000653f9000 	C:\Program Files\Java\jdk1.8.0_101\jre\bin\java.dll
0x0000000065360000 - 0x0000000065376000 	C:\Program Files\Java\jdk1.8.0_101\jre\bin\zip.dll
0x00007ff8eba30000 - 0x00007ff8ece67000 	C:\Windows\System32\SHELL32.dll
0x00007ff8ed300000 - 0x00007ff8ed3aa000 	C:\Windows\System32\shcore.dll
0x00007ff8ea460000 - 0x00007ff8eab51000 	C:\Windows\System32\windows.storage.dll
0x00007ff8ece70000 - 0x00007ff8ecec1000 	C:\Windows\System32\shlwapi.dll
0x00007ff8e9d70000 - 0x00007ff8e9d81000 	C:\Windows\System32\kernel.appcore.dll
0x00007ff8e9d00000 - 0x00007ff8e9d4c000 	C:\Windows\System32\powrprof.dll
0x00007ff8e9d50000 - 0x00007ff8e9d65000 	C:\Windows\System32\profapi.dll
0x0000000065320000 - 0x000000006533a000 	C:\Program Files\Java\jdk1.8.0_101\jre\bin\net.dll
0x00007ff8e95b0000 - 0x00007ff8e960c000 	C:\Windows\system32\mswsock.dll
0x0000000065300000 - 0x0000000065311000 	C:\Program Files\Java\jdk1.8.0_101\jre\bin\nio.dll

VM Arguments:
jvm_args: -Dmaven.home=EMBEDDED -Dclassworlds.conf=E:\pms_workspace\.metadata\.plugins\org.eclipse.m2e.launching\launches\m2conf2756736999679961187.tmp -Dmaven.multiModuleProjectDirectory=E:\pms-just now\pms-all\pms -Dfile.encoding=Cp1252 
java_command: org.codehaus.plexus.classworlds.launcher.Launcher -B clean install
java_class_path (initial): E:\eclipse-jee-oxygen-2-win32-x86_64\eclipse\plugins\org.eclipse.m2e.maven.runtime_1.8.2.20171007-0216\jars\plexus-classworlds-2.5.2.jar
Launcher Type: SUN_STANDARD

Environment Variables:
JAVA_HOME=C:\Program Files\Java\jdk1.8.0_101
PATH=C:/Java/bin/server;C:/Java/bin;C:/Java/lib/amd64;C:\ProgramData\Oracle\Java\javapath;C:\Program Files (x86)\Intel\iCLS Client\;C:\Program Files\Intel\iCLS Client\;C:\Windows\system32;C:\Windows;C:\Windows\System32\Wbem;C:\Windows\System32\WindowsPowerShell\v1.0\;C:\Program Files (x86)\Intel\Intel(R) Management Engine Components\DAL;C:\Program Files\Intel\Intel(R) Management Engine Components\DAL;C:\Program Files (x86)\Intel\Intel(R) Management Engine Components\IPT;C:\Program Files\Intel\Intel(R) Management Engine Components\IPT;C:\Program Files\Microsoft SQL Server\120\Tools\Binn\;C:\Program Files\Microsoft SQL Server\Client SDK\ODBC\110\Tools\Binn\;C:\Program Files (x86)\Microsoft SQL Server\120\Tools\Binn\;C:\Program Files\Microsoft SQL Server\120\DTS\Binn\;C:\Program Files (x86)\Microsoft SQL Server\120\Tools\Binn\ManagementStudio\;C:\Program Files (x86)\Microsoft SQL Server\120\DTS\Binn\;C:\Program Files\Java\jdk1.8.0_101\bin;F:\server\apache-tomcat-7.0.78\bin;C:\Program Files\nodejs\;C:\Users\rashmit.chudasama\AppData\Local\Microsoft\WindowsApps;C:\Users\rashmit.chudasama\AppData\Roaming\npm;E:\eclipse-jee-oxygen-2-win32-x86_64\eclipse;
USERNAME=rashmit.chudasama
OS=Windows_NT
PROCESSOR_IDENTIFIER=Intel64 Family 6 Model 142 Stepping 9, GenuineIntel



---------------  S Y S T E M  ---------------

OS: Windows 10.0 , 64 bit Build 15063 (10.0.15063.296)

CPU:total 4 (2 cores per cpu, 2 threads per core) family 6 model 142 stepping 9, cmov, cx8, fxsr, mmx, sse, sse2, sse3, ssse3, sse4.1, sse4.2, popcnt, avx, avx2, aes, clmul, erms, 3dnowpref, lzcnt, ht, tsc, tscinvbit, bmi1, bmi2, adx

Memory: 4k page, physical 8251536k(793900k free), swap 8251536k(6136k free)

vm_info: Java HotSpot(TM) 64-Bit Server VM (25.101-b13) for windows-amd64 JRE (1.8.0_101-b13), built on Jun 22 2016 01:21:29 by "java_re" with MS VC++ 10.0 (VS2010)

time: Thu Apr 19 14:29:57 2018
elapsed time: 4 seconds (0d 0h 0m 4s)

