
Aug 30, 2018 10:59:35.64 NEW SESSION
Aug 30, 2018 10:59:35.64 Unable to read VR Path Registry from C:\Users\rakhi.kumari\AppData\Local\openvr\openvrpaths.vrpath
Aug 30, 2018 10:59:35.64 [Parent 11872, Gecko_IOThread] WARNING: pipe error: 109: file z:/build/build/src/ipc/chromium/src/chrome/common/ipc_channel_win.cc, line 346
Aug 30, 2018 10:59:35.64 Unable to read VR Path Registry from C:\Users\rakhi.kumari\AppData\Local\openvr\openvrpaths.vrpath
Aug 30, 2018 10:59:35.64 [Child 14104, Chrome_ChildThread] WARNING: pipe error: 109: file z:/build/build/src/ipc/chromium/src/chrome/common/ipc_channel_win.cc, line 346
Aug 30, 2018 10:59:35.64 [Child 14104, Chrome_ChildThread] WARNING: pipe error: 109: file z:/build/build/src/ipc/chromium/src/chrome/common/ipc_channel_win.cc, line 346
Aug 30, 2018 10:59:35.64 [Parent 11872, Gecko_IOThread] WARNING: pipe error: 109: file z:/build/build/src/ipc/chromium/src/chrome/common/ipc_channel_win.cc, line 346
Aug 30, 2018 10:59:37.84 [Parent 11872, Gecko_IOThread] WARNING: pipe error: 109: file z:/build/build/src/ipc/chromium/src/chrome/common/ipc_channel_win.cc, line 346
Aug 30, 2018 10:59:43.50 [Parent 11872, Gecko_IOThread] WARNING: pipe error: 232: file z:/build/build/src/ipc/chromium/src/chrome/common/ipc_channel_win.cc, line 513
Aug 30, 2018 12:55:22.94 Unable to read VR Path Registry from C:\Users\rakhi.kumari\AppData\Local\openvr\openvrpaths.vrpath
Aug 30, 2018 12:55:22.98 [Child 13876, Chrome_ChildThread] WARNING: pipe error: 109: file z:/build/build/src/ipc/chromium/src/chrome/common/ipc_channel_win.cc, line 346
Aug 30, 2018 12:55:22.98 [Child 13876, Chrome_ChildThread] WARNING: pipe error: 109: file z:/build/build/src/ipc/chromium/src/chrome/common/ipc_channel_win.cc, line 346
Aug 30, 2018 13:08:35.80 Unable to read VR Path Registry from C:\Users\rakhi.kumari\AppData\Local\openvr\openvrpaths.vrpath
Aug 30, 2018 13:08:35.83 [Child 10356, Chrome_ChildThread] WARNING: pipe error: 109: file z:/build/build/src/ipc/chromium/src/chrome/common/ipc_channel_win.cc, line 346
Aug 30, 2018 13:08:35.83 [Child 10356, Chrome_ChildThread] WARNING: pipe error: 109: file z:/build/build/src/ipc/chromium/src/chrome/common/ipc_channel_win.cc, line 346
Aug 30, 2018 13:08:35.83 Unable to read VR Path Registry from C:\Users\rakhi.kumari\AppData\Local\openvr\openvrpaths.vrpath
Aug 30, 2018 13:08:35.83 [Child 9388, Chrome_ChildThread] WARNING: pipe error: 109: file z:/build/build/src/ipc/chromium/src/chrome/common/ipc_channel_win.cc, line 346
Aug 30, 2018 13:08:35.83 [Child 9388, Chrome_ChildThread] WARNING: pipe error: 109: file z:/build/build/src/ipc/chromium/src/chrome/common/ipc_channel_win.cc, line 346
Aug 30, 2018 13:08:35.83 Unable to read VR Path Registry from C:\Users\rakhi.kumari\AppData\Local\openvr\openvrpaths.vrpath
Aug 30, 2018 13:08:35.83 [Child 4252, Chrome_ChildThread] WARNING: pipe error: 109: file z:/build/build/src/ipc/chromium/src/chrome/common/ipc_channel_win.cc, line 346
Aug 30, 2018 13:08:39.75 Unable to read VR Path Registry from C:\Users\rakhi.kumari\AppData\Local\openvr\openvrpaths.vrpath

Sep 03, 2018 11:30:24.09 NEW SESSION
Sep 03, 2018 11:30:24.09 Unable to read VR Path Registry from C:\Users\rakhi.kumari\AppData\Local\openvr\openvrpaths.vrpath
Sep 03, 2018 11:30:24.09 [Child 9236, Chrome_ChildThread] WARNING: pipe error: 109: file z:/build/build/src/ipc/chromium/src/chrome/common/ipc_channel_win.cc, line 346
Sep 03, 2018 14:53:55.58 Unable to read VR Path Registry from C:\Users\rakhi.kumari\AppData\Local\openvr\openvrpaths.vrpath
Sep 03, 2018 14:53:55.60 [Parent 8340, Gecko_IOThread] WARNING: pipe error: 109: file z:/build/build/src/ipc/chromium/src/chrome/common/ipc_channel_win.cc, line 346
Sep 03, 2018 14:53:55.60 Unable to read VR Path Registry from C:\Users\rakhi.kumari\AppData\Local\openvr\openvrpaths.vrpath
Sep 03, 2018 14:53:55.60 [Child 13196, Chrome_ChildThread] WARNING: pipe error: 109: file z:/build/build/src/ipc/chromium/src/chrome/common/ipc_channel_win.cc, line 346
Sep 03, 2018 14:53:55.60 [Child 13196, Chrome_ChildThread] WARNING: pipe error: 109: file z:/build/build/src/ipc/chromium/src/chrome/common/ipc_channel_win.cc, line 346

Sep 05, 2018 15:11:20.97 NEW SESSION
Sep 05, 2018 15:11:20.97 Unable to read VR Path Registry from C:\Users\rakhi.kumari\AppData\Local\openvr\openvrpaths.vrpath
Sep 05, 2018 15:11:21.11 [Parent 1480, Gecko_IOThread] WARNING: pipe error: 109: file z:/build/build/src/ipc/chromium/src/chrome/common/ipc_channel_win.cc, line 346
Sep 05, 2018 15:11:22.11 Unable to read VR Path Registry from C:\Users\rakhi.kumari\AppData\Local\openvr\openvrpaths.vrpath
Sep 05, 2018 15:11:22.11 [Child 10972, Chrome_ChildThread] WARNING: pipe error: 109: file z:/build/build/src/ipc/chromium/src/chrome/common/ipc_channel_win.cc, line 346
Sep 05, 2018 15:11:22.11 [Child 10972, Chrome_ChildThread] WARNING: pipe error: 109: file z:/build/build/src/ipc/chromium/src/chrome/common/ipc_channel_win.cc, line 346
Sep 05, 2018 15:30:58.77 Unable to read VR Path Registry from C:\Users\rakhi.kumari\AppData\Local\openvr\openvrpaths.vrpath
Sep 05, 2018 15:30:58.79 [Child 8420, Chrome_ChildThread] WARNING: pipe error: 109: file z:/build/build/src/ipc/chromium/src/chrome/common/ipc_channel_win.cc, line 346
Sep 05, 2018 15:33:51.08 [Parent 1480, Gecko_IOThread] WARNING: pipe error: 109: file z:/build/build/src/ipc/chromium/src/chrome/common/ipc_channel_win.cc, line 346
Sep 05, 2018 15:33:51.14 Unable to read VR Path Registry from C:\Users\rakhi.kumari\AppData\Local\openvr\openvrpaths.vrpath
Sep 05, 2018 15:33:51.14 [Child 13976, Chrome_ChildThread] WARNING: pipe error: 109: file z:/build/build/src/ipc/chromium/src/chrome/common/ipc_channel_win.cc, line 346
Sep 05, 2018 15:33:51.14 [Child 13976, Chrome_ChildThread] WARNING: pipe error: 109: file z:/build/build/src/ipc/chromium/src/chrome/common/ipc_channel_win.cc, line 346
Sep 05, 2018 15:33:51.54 [Parent 1480, Gecko_IOThread] WARNING: pipe error: 109: file z:/build/build/src/ipc/chromium/src/chrome/common/ipc_channel_win.cc, line 346
Sep 05, 2018 15:33:52.01 
Sep 05, 2018 15:33:52.01 ###!!! [Parent][MessageChannel] Error: (msgtype=0x130011,name=PBackgroundStorage::Msg_Observe) Channel error: cannot send/recv
Sep 05, 2018 15:33:52.01 
Sep 05, 2018 15:34:01.11 Unable to read VR Path Registry from C:\Users\rakhi.kumari\AppData\Local\openvr\openvrpaths.vrpath
Sep 05, 2018 15:34:01.11 [Child 8496, Chrome_ChildThread] WARNING: pipe error: 109: file z:/build/build/src/ipc/chromium/src/chrome/common/ipc_channel_win.cc, line 346
Sep 05, 2018 16:40:33.15 Unable to read VR Path Registry from C:\Users\rakhi.kumari\AppData\Local\openvr\openvrpaths.vrpath
Sep 05, 2018 16:40:33.17 [Parent 7632, Gecko_IOThread] WARNING: pipe error: 109: file z:/build/build/src/ipc/chromium/src/chrome/common/ipc_channel_win.cc, line 346
Sep 05, 2018 16:40:33.17 Unable to read VR Path Registry from C:\Users\rakhi.kumari\AppData\Local\openvr\openvrpaths.vrpath
Sep 05, 2018 16:40:33.17 [Child 12512, Chrome_ChildThread] WARNING: pipe error: 109: file z:/build/build/src/ipc/chromium/src/chrome/common/ipc_channel_win.cc, line 346
Sep 05, 2018 16:40:33.22 [Parent 7632, Gecko_IOThread] WARNING: pipe error: 109: file z:/build/build/src/ipc/chromium/src/chrome/common/ipc_channel_win.cc, line 346
Sep 05, 2018 16:40:33.23 Unable to read VR Path Registry from C:\Users\rakhi.kumari\AppData\Local\openvr\openvrpaths.vrpath
Sep 05, 2018 16:40:33.23 [Child 6124, Chrome_ChildThread] WARNING: pipe error: 109: file z:/build/build/src/ipc/chromium/src/chrome/common/ipc_channel_win.cc, line 346
Sep 05, 2018 16:40:33.23 [Child 6124, Chrome_ChildThread] WARNING: pipe error: 109: file z:/build/build/src/ipc/chromium/src/chrome/common/ipc_channel_win.cc, line 346
Sep 05, 2018 16:40:33.26 [Parent 7632, Gecko_IOThread] WARNING: pipe error: 109: file z:/build/build/src/ipc/chromium/src/chrome/common/ipc_channel_win.cc, line 346
Sep 05, 2018 16:40:33.31 Unable to read VR Path Registry from C:\Users\rakhi.kumari\AppData\Local\openvr\openvrpaths.vrpath
Sep 05, 2018 16:40:33.31 [Child 13608, Chrome_ChildThread] WARNING: pipe error: 109: file z:/build/build/src/ipc/chromium/src/chrome/common/ipc_channel_win.cc, line 346
Sep 05, 2018 19:24:03.70 Unable to read VR Path Registry from C:\Users\rakhi.kumari\AppData\Local\openvr\openvrpaths.vrpath
Sep 05, 2018 19:24:03.87 [Parent 2008, Gecko_IOThread] WARNING: pipe error: 109: file z:/build/build/src/ipc/chromium/src/chrome/common/ipc_channel_win.cc, line 346
Sep 05, 2018 19:24:03.87 Unable to read VR Path Registry from C:\Users\rakhi.kumari\AppData\Local\openvr\openvrpaths.vrpath
Sep 05, 2018 19:24:03.87 [Child 920, Chrome_ChildThread] WARNING: pipe error: 109: file z:/build/build/src/ipc/chromium/src/chrome/common/ipc_channel_win.cc, line 346
Sep 05, 2018 19:24:03.87 [Child 920, Chrome_ChildThread] WARNING: pipe error: 109: file z:/build/build/src/ipc/chromium/src/chrome/common/ipc_channel_win.cc, line 346
Sep 05, 2018 19:24:03.87 Unable to read VR Path Registry from C:\Users\rakhi.kumari\AppData\Local\openvr\openvrpaths.vrpath
Sep 05, 2018 19:24:03.87 [Child 14076, Chrome_ChildThread] WARNING: pipe error: 109: file z:/build/build/src/ipc/chromium/src/chrome/common/ipc_channel_win.cc, line 346
Sep 05, 2018 19:24:03.87 Unable to read VR Path Registry from C:\Users\rakhi.kumari\AppData\Local\openvr\openvrpaths.vrpath
Sep 05, 2018 19:24:03.87 [Child 9964, Chrome_ChildThread] WARNING: pipe error: 109: file z:/build/build/src/ipc/chromium/src/chrome/common/ipc_channel_win.cc, line 346
Sep 05, 2018 19:24:03.87 [Parent 2008, Gecko_IOThread] WARNING: file z:/build/build/src/ipc/chromium/src/base/process_util_win.cc, line 188
Sep 06, 2018 13:24:15.87 Unable to read VR Path Registry from C:\Users\rakhi.kumari\AppData\Local\openvr\openvrpaths.vrpath
Sep 06, 2018 13:24:16.19 [Parent 6572, Gecko_IOThread] WARNING: pipe error: 232: file z:/build/build/src/ipc/chromium/src/chrome/common/ipc_channel_win.cc, line 513
Sep 06, 2018 13:24:16.25 [Parent 6572, Gecko_IOThread] WARNING: pipe error: 109: file z:/build/build/src/ipc/chromium/src/chrome/common/ipc_channel_win.cc, line 346
Sep 06, 2018 13:24:16.25 Unable to read VR Path Registry from C:\Users\rakhi.kumari\AppData\Local\openvr\openvrpaths.vrpath
Sep 06, 2018 13:24:16.25 [Child 13196, Chrome_ChildThread] WARNING: pipe error: 109: file z:/build/build/src/ipc/chromium/src/chrome/common/ipc_channel_win.cc, line 346
Sep 06, 2018 13:24:16.26 [Child 13196, Chrome_ChildThread] WARNING: pipe error: 109: file z:/build/build/src/ipc/chromium/src/chrome/common/ipc_channel_win.cc, line 346
Sep 06, 2018 13:24:16.26 [Parent 6572, Gecko_IOThread] WARNING: pipe error: 109: file z:/build/build/src/ipc/chromium/src/chrome/common/ipc_channel_win.cc, line 346
Sep 06, 2018 14:50:10.67 Unable to read VR Path Registry from C:\Users\rakhi.kumari\AppData\Local\openvr\openvrpaths.vrpath
Sep 06, 2018 14:50:10.67 [Child 8748, Chrome_ChildThread] WARNING: pipe error: 109: file z:/build/build/src/ipc/chromium/src/chrome/common/ipc_channel_win.cc, line 346
Sep 06, 2018 14:50:10.67 [Child 8748, Chrome_ChildThread] WARNING: pipe error: 109: file z:/build/build/src/ipc/chromium/src/chrome/common/ipc_channel_win.cc, line 346
Sep 06, 2018 14:50:10.67 Unable to read VR Path Registry from C:\Users\rakhi.kumari\AppData\Local\openvr\openvrpaths.vrpath
Sep 06, 2018 14:50:10.67 [Child 12576, Chrome_ChildThread] WARNING: pipe error: 109: file z:/build/build/src/ipc/chromium/src/chrome/common/ipc_channel_win.cc, line 346
Sep 06, 2018 14:50:10.69 Unable to read VR Path Registry from C:\Users\rakhi.kumari\AppData\Local\openvr\openvrpaths.vrpath
Sep 06, 2018 14:50:10.69 [Child 8520, Chrome_ChildThread] WARNING: pipe error: 109: file z:/build/build/src/ipc/chromium/src/chrome/common/ipc_channel_win.cc, line 346
Sep 06, 2018 14:50:11.36 Unable to read VR Path Registry from C:\Users\rakhi.kumari\AppData\Local\openvr\openvrpaths.vrpath
Sep 08, 2018 11:38:12.63 Unable to read VR Path Registry from C:\Users\rakhi.kumari\AppData\Local\openvr\openvrpaths.vrpath
Sep 08, 2018 11:38:12.87 [Parent 10860, Gecko_IOThread] WARNING: pipe error: 109: file z:/build/build/src/ipc/chromium/src/chrome/common/ipc_channel_win.cc, line 346
Sep 08, 2018 11:38:12.87 [Parent 10860, Gecko_IOThread] WARNING: pipe error: 109: file z:/build/build/src/ipc/chromium/src/chrome/common/ipc_channel_win.cc, line 346
Sep 08, 2018 11:38:15.67 [Parent 10860, Gecko_IOThread] WARNING: pipe error: 109: file z:/build/build/src/ipc/chromium/src/chrome/common/ipc_channel_win.cc, line 346
Sep 08, 2018 11:38:16.03 Unable to read VR Path Registry from C:\Users\rakhi.kumari\AppData\Local\openvr\openvrpaths.vrpath
Sep 08, 2018 11:38:16.03 [Child 11752, Chrome_ChildThread] WARNING: pipe error: 109: file z:/build/build/src/ipc/chromium/src/chrome/common/ipc_channel_win.cc, line 346
Sep 08, 2018 11:38:16.03 [Child 11752, Chrome_ChildThread] WARNING: pipe error: 109: file z:/build/build/src/ipc/chromium/src/chrome/common/ipc_channel_win.cc, line 346
Sep 08, 2018 11:38:16.25 Unable to read VR Path Registry from C:\Users\rakhi.kumari\AppData\Local\openvr\openvrpaths.vrpath
Sep 08, 2018 11:38:16.25 [Child 15056, Chrome_ChildThread] WARNING: pipe error: 109: file z:/build/build/src/ipc/chromium/src/chrome/common/ipc_channel_win.cc, line 346
Sep 08, 2018 11:38:16.25 [Child 15056, Chrome_ChildThread] WARNING: pipe error: 109: file z:/build/build/src/ipc/chromium/src/chrome/common/ipc_channel_win.cc, line 346
Sep 08, 2018 11:38:16.25 
Sep 08, 2018 11:38:16.25 ###!!! [Parent][MessageChannel] Error: (msgtype=0x2D0020,name=PContent::Msg_PreferenceUpdate) Closed channel: cannot send/recv
Sep 08, 2018 11:38:16.25 
Sep 08, 2018 11:38:17.04 [Parent 10860, Gecko_IOThread] WARNING: file z:/build/build/src/ipc/chromium/src/base/process_util_win.cc, line 188
Sep 08, 2018 11:38:17.20 [Parent 10860, Gecko_IOThread] WARNING: file z:/build/build/src/ipc/chromium/src/base/process_util_win.cc, line 188

Sep 10, 2018 11:32:46.62 NEW SESSION
Sep 10, 2018 11:32:46.62 Unable to read VR Path Registry from C:\Users\rakhi.kumari\AppData\Local\openvr\openvrpaths.vrpath
Sep 10, 2018 11:32:46.62 [Parent 8632, Gecko_IOThread] WARNING: pipe error: 109: file z:/build/build/src/ipc/chromium/src/chrome/common/ipc_channel_win.cc, line 346
Sep 10, 2018 11:32:46.62 Unable to read VR Path Registry from C:\Users\rakhi.kumari\AppData\Local\openvr\openvrpaths.vrpath
Sep 10, 2018 11:32:46.62 [Child 7048, Chrome_ChildThread] WARNING: pipe error: 109: file z:/build/build/src/ipc/chromium/src/chrome/common/ipc_channel_win.cc, line 346
Sep 11, 2018 13:21:47.52 [Parent 8632, Gecko_IOThread] WARNING: pipe error: 109: file z:/build/build/src/ipc/chromium/src/chrome/common/ipc_channel_win.cc, line 346
Sep 11, 2018 13:21:47.71 [Parent 8632, Gecko_IOThread] WARNING: pipe error: 109: file z:/build/build/src/ipc/chromium/src/chrome/common/ipc_channel_win.cc, line 346
Sep 11, 2018 13:21:47.71 [Parent 8632, Gecko_IOThread] WARNING: pipe error: 109: file z:/build/build/src/ipc/chromium/src/chrome/common/ipc_channel_win.cc, line 346
Sep 11, 2018 13:21:47.72 Unable to read VR Path Registry from C:\Users\rakhi.kumari\AppData\Local\openvr\openvrpaths.vrpath
Sep 11, 2018 13:21:47.72 [Child 9832, Chrome_ChildThread] WARNING: pipe error: 109: file z:/build/build/src/ipc/chromium/src/chrome/common/ipc_channel_win.cc, line 346
Sep 11, 2018 13:21:47.72 Unable to read VR Path Registry from C:\Users\rakhi.kumari\AppData\Local\openvr\openvrpaths.vrpath
Sep 11, 2018 13:21:47.72 [Child 8388, Chrome_ChildThread] WARNING: pipe error: 109: file z:/build/build/src/ipc/chromium/src/chrome/common/ipc_channel_win.cc, line 346
Sep 11, 2018 13:21:48.62 [Parent 8632, Gecko_IOThread] WARNING: file z:/build/build/src/ipc/chromium/src/base/process_util_win.cc, line 188
Sep 11, 2018 13:21:48.73 [Parent 8632, Gecko_IOThread] WARNING: file z:/build/build/src/ipc/chromium/src/base/process_util_win.cc, line 188
Sep 11, 2018 13:21:49.51 [Parent 8632, Gecko_IOThread] WARNING: file z:/build/build/src/ipc/chromium/src/base/process_util_win.cc, line 188
Sep 11, 2018 13:21:49.96 [Parent 8632, Gecko_IOThread] WARNING: pipe error: 232: file z:/build/build/src/ipc/chromium/src/chrome/common/ipc_channel_win.cc, line 513
Oct 03, 2018 11:31:01.83 [Parent 6616, Gecko_IOThread] WARNING: pipe error: 109: file z:/build/build/src/ipc/chromium/src/chrome/common/ipc_channel_win.cc, line 346
Oct 03, 2018 11:31:02.23 [Parent 6616, Gecko_IOThread] WARNING: pipe error: 109: file z:/build/build/src/ipc/chromium/src/chrome/common/ipc_channel_win.cc, line 346
Oct 03, 2018 11:31:02.23 [Child 14132, Chrome_ChildThread] WARNING: pipe error: 109: file z:/build/build/src/ipc/chromium/src/chrome/common/ipc_channel_win.cc, line 346
Oct 03, 2018 11:31:02.23 [Child 14132, Chrome_ChildThread] WARNING: pipe error: 109: file z:/build/build/src/ipc/chromium/src/chrome/common/ipc_channel_win.cc, line 346
Oct 03, 2018 11:31:02.74 [Child 6076, Chrome_ChildThread] WARNING: pipe error: 109: file z:/build/build/src/ipc/chromium/src/chrome/common/ipc_channel_win.cc, line 346
Oct 03, 2018 11:31:03.68 [Child 14980, Chrome_ChildThread] WARNING: pipe error: 109: file z:/build/build/src/ipc/chromium/src/chrome/common/ipc_channel_win.cc, line 346
Oct 03, 2018 11:31:03.68 [Child 14980, Chrome_ChildThread] WARNING: pipe error: 109: file z:/build/build/src/ipc/chromium/src/chrome/common/ipc_channel_win.cc, line 346
Oct 08, 2018 09:53:28.54 [Parent 12232, Gecko_IOThread] WARNING: pipe error: 109: file z:/build/build/src/ipc/chromium/src/chrome/common/ipc_channel_win.cc, line 346
Oct 08, 2018 09:53:29.84 [Parent 12232, Gecko_IOThread] WARNING: pipe error: 109: file z:/build/build/src/ipc/chromium/src/chrome/common/ipc_channel_win.cc, line 346
Oct 08, 2018 09:53:29.84 [Parent 12232, Gecko_IOThread] WARNING: pipe error: 109: file z:/build/build/src/ipc/chromium/src/chrome/common/ipc_channel_win.cc, line 346
Oct 08, 2018 09:53:29.84 [Child 7044, Chrome_ChildThread] WARNING: pipe error: 109: file z:/build/build/src/ipc/chromium/src/chrome/common/ipc_channel_win.cc, line 346
Oct 08, 2018 09:53:29.84 [Child 7044, Chrome_ChildThread] WARNING: pipe error: 109: file z:/build/build/src/ipc/chromium/src/chrome/common/ipc_channel_win.cc, line 346
Oct 08, 2018 09:53:30.92 [Parent 12232, Gecko_IOThread] WARNING: pipe error: 109: file z:/build/build/src/ipc/chromium/src/chrome/common/ipc_channel_win.cc, line 346
Oct 08, 2018 09:53:32.69 [Parent 12232, Gecko_IOThread] WARNING: file z:/build/build/src/ipc/chromium/src/base/process_util_win.cc, line 188
Oct 09, 2018 11:10:09.85 [Child 14356, Chrome_ChildThread] WARNING: pipe error: 109: file z:/build/build/src/ipc/chromium/src/chrome/common/ipc_channel_win.cc, line 346
Oct 09, 2018 11:10:09.86 [Child 14356, Chrome_ChildThread] WARNING: pipe error: 109: file z:/build/build/src/ipc/chromium/src/chrome/common/ipc_channel_win.cc, line 346
Oct 09, 2018 23:38:44.82 [Parent 15116, Gecko_IOThread] WARNING: pipe error: 109: file z:/build/build/src/ipc/chromium/src/chrome/common/ipc_channel_win.cc, line 346
Oct 09, 2018 23:38:44.86 [Parent 15116, Gecko_IOThread] WARNING: pipe error: 109: file z:/build/build/src/ipc/chromium/src/chrome/common/ipc_channel_win.cc, line 346
Oct 09, 2018 23:38:44.97 [Child 13572, Chrome_ChildThread] WARNING: pipe error: 109: file z:/build/build/src/ipc/chromium/src/chrome/common/ipc_channel_win.cc, line 346
Oct 09, 2018 23:38:45.17 [Child 4180, Chrome_ChildThread] WARNING: pipe error: 109: file z:/build/build/src/ipc/chromium/src/chrome/common/ipc_channel_win.cc, line 346
Oct 09, 2018 23:38:45.17 [Child 4180, Chrome_ChildThread] WARNING: pipe error: 109: file z:/build/build/src/ipc/chromium/src/chrome/common/ipc_channel_win.cc, line 346
Oct 09, 2018 23:38:45.40 [Child 4276, Chrome_ChildThread] WARNING: pipe error: 109: file z:/build/build/src/ipc/chromium/src/chrome/common/ipc_channel_win.cc, line 346
Oct 09, 2018 23:38:45.49 
Oct 09, 2018 23:38:45.49 ###!!! [Child][MessageChannel] Error: (msgtype=0x2E00FA,name=PContent::Msg_AccumulateChildHistograms) Channel closing: too late to send/recv, messages will be lost
Oct 09, 2018 23:38:45.49 
Oct 09, 2018 23:38:45.49 
Oct 09, 2018 23:38:45.49 ###!!! [Child][MessageChannel] Error: (msgtype=0x2E00FB,name=PContent::Msg_AccumulateChildKeyedHistograms) Channel closing: too late to send/recv, messages will be lost
Oct 09, 2018 23:38:45.49 
Oct 09, 2018 23:38:45.49 
Oct 09, 2018 23:38:45.49 ###!!! [Child][MessageChannel] Error: (msgtype=0x2E00FF,name=PContent::Msg_RecordDiscardedData) Channel closing: too late to send/recv, messages will be lost
Oct 09, 2018 23:38:45.49 
Oct 09, 2018 23:38:45.49 [Child 4276, Chrome_ChildThread] WARNING: pipe error: 109: file z:/build/build/src/ipc/chromium/src/chrome/common/ipc_channel_win.cc, line 346
Oct 09, 2018 23:38:45.81 [Parent 15116, Gecko_IOThread] WARNING: file z:/build/build/src/ipc/chromium/src/base/process_util_win.cc, line 188
Oct 10, 2018 12:09:03.62 [Parent 16936, Gecko_IOThread] WARNING: pipe error: 109: file z:/build/build/src/ipc/chromium/src/chrome/common/ipc_channel_win.cc, line 346
Oct 10, 2018 12:09:03.70 [Child 11300, Chrome_ChildThread] WARNING: pipe error: 109: file z:/build/build/src/ipc/chromium/src/chrome/common/ipc_channel_win.cc, line 346
Oct 10, 2018 12:09:03.70 [Child 11300, Chrome_ChildThread] WARNING: pipe error: 109: file z:/build/build/src/ipc/chromium/src/chrome/common/ipc_channel_win.cc, line 346
Oct 10, 2018 12:09:03.70 [Child 11604, Chrome_ChildThread] WARNING: pipe error: 109: file z:/build/build/src/ipc/chromium/src/chrome/common/ipc_channel_win.cc, line 346
Oct 10, 2018 12:09:03.70 [Child 16396, Chrome_ChildThread] WARNING: pipe error: 109: file z:/build/build/src/ipc/chromium/src/chrome/common/ipc_channel_win.cc, line 346
Oct 10, 2018 12:09:03.70 [Child 16396, Chrome_ChildThread] WARNING: pipe error: 109: file z:/build/build/src/ipc/chromium/src/chrome/common/ipc_channel_win.cc, line 346
Oct 10, 2018 12:09:03.70 [Parent 16936, Gecko_IOThread] WARNING: pipe error: 109: file z:/build/build/src/ipc/chromium/src/chrome/common/ipc_channel_win.cc, line 346
Oct 10, 2018 12:09:03.71 [Child 11208, Chrome_ChildThread] WARNING: pipe error: 109: file z:/build/build/src/ipc/chromium/src/chrome/common/ipc_channel_win.cc, line 346
Oct 10, 2018 12:09:03.71 [Child 11208, Chrome_ChildThread] WARNING: pipe error: 109: file z:/build/build/src/ipc/chromium/src/chrome/common/ipc_channel_win.cc, line 346
Oct 10, 2018 16:25:43.38 [Parent 16464, Gecko_IOThread] WARNING: pipe error: 109: file z:/build/build/src/ipc/chromium/src/chrome/common/ipc_channel_win.cc, line 346
Oct 10, 2018 16:25:43.88 [Child 10360, Chrome_ChildThread] WARNING: pipe error: 109: file z:/build/build/src/ipc/chromium/src/chrome/common/ipc_channel_win.cc, line 346
Oct 10, 2018 16:25:43.88 [Child 10360, Chrome_ChildThread] WARNING: pipe error: 109: file z:/build/build/src/ipc/chromium/src/chrome/common/ipc_channel_win.cc, line 346
Oct 10, 2018 16:25:43.88 [Child 17112, Chrome_ChildThread] WARNING: pipe error: 109: file z:/build/build/src/ipc/chromium/src/chrome/common/ipc_channel_win.cc, line 346
Oct 10, 2018 16:25:43.88 [Child 17112, Chrome_ChildThread] WARNING: pipe error: 109: file z:/build/build/src/ipc/chromium/src/chrome/common/ipc_channel_win.cc, line 346
Oct 10, 2018 16:25:50.44 [Parent 16464, Gecko_IOThread] WARNING: pipe error: 109: file z:/build/build/src/ipc/chromium/src/chrome/common/ipc_channel_win.cc, line 346
Oct 10, 2018 16:25:50.82 
Oct 10, 2018 16:25:50.82 ###!!! [Parent][RunMessage] Error: Channel error: cannot send/recv
Oct 10, 2018 16:25:50.83 
Oct 10, 2018 16:25:50.83 
Oct 10, 2018 16:25:50.83 ###!!! [Parent][RunMessage] Error: Channel error: cannot send/recv
Oct 10, 2018 16:25:50.83 
Oct 10, 2018 16:25:50.83 
Oct 10, 2018 16:25:50.83 ###!!! [Parent][RunMessage] Error: Channel error: cannot send/recv
Oct 10, 2018 16:25:50.83 
Oct 10, 2018 16:25:50.83 
Oct 10, 2018 16:25:50.83 ###!!! [Parent][RunMessage] Error: Channel error: cannot send/recv
Oct 10, 2018 16:25:50.83 
Oct 10, 2018 16:25:50.83 
Oct 10, 2018 16:25:50.83 ###!!! [Parent][RunMessage] Error: Channel error: cannot send/recv
Oct 10, 2018 16:25:50.83 
Oct 10, 2018 16:25:50.83 
Oct 10, 2018 16:25:50.83 ###!!! [Parent][RunMessage] Error: Channel error: cannot send/recv
Oct 10, 2018 16:25:50.83 
Oct 10, 2018 16:25:50.83 
Oct 10, 2018 16:25:50.83 ###!!! [Parent][RunMessage] Error: Channel error: cannot send/recv
Oct 10, 2018 16:25:50.83 
Oct 10, 2018 16:25:50.83 
Oct 10, 2018 16:25:50.83 ###!!! [Parent][RunMessage] Error: Channel error: cannot send/recv
Oct 10, 2018 16:25:50.83 
Oct 10, 2018 16:25:50.83 
Oct 10, 2018 16:25:50.83 ###!!! [Parent][RunMessage] Error: Channel error: cannot send/recv
Oct 10, 2018 16:25:50.84 
Oct 10, 2018 16:25:50.84 
Oct 10, 2018 16:25:50.84 ###!!! [Parent][RunMessage] Error: Channel error: cannot send/recv
Oct 10, 2018 16:25:50.84 
Oct 10, 2018 16:25:50.84 
Oct 10, 2018 16:25:50.84 ###!!! [Parent][RunMessage] Error: Channel error: cannot send/recv
Oct 10, 2018 16:25:50.84 
Oct 10, 2018 16:25:50.84 
Oct 10, 2018 16:25:50.84 ###!!! [Parent][RunMessage] Error: Channel error: cannot send/recv
Oct 10, 2018 16:25:50.84 
Oct 10, 2018 16:25:50.84 
Oct 10, 2018 16:25:50.84 ###!!! [Parent][RunMessage] Error: Channel error: cannot send/recv
Oct 10, 2018 16:25:50.84 
Oct 10, 2018 16:25:50.84 
Oct 10, 2018 16:25:50.84 ###!!! [Parent][RunMessage] Error: Channel error: cannot send/recv
Oct 10, 2018 16:25:50.84 
Oct 10, 2018 16:25:50.84 
Oct 10, 2018 16:25:50.84 ###!!! [Parent][RunMessage] Error: Channel error: cannot send/recv
Oct 10, 2018 16:25:50.84 
Oct 10, 2018 16:25:50.84 
Oct 10, 2018 16:25:50.84 ###!!! [Parent][RunMessage] Error: Channel error: cannot send/recv
Oct 10, 2018 16:25:50.84 
Oct 10, 2018 16:25:50.84 
Oct 10, 2018 16:25:50.84 ###!!! [Parent][RunMessage] Error: Channel error: cannot send/recv
Oct 10, 2018 16:25:50.84 
Oct 10, 2018 16:25:50.89 [Parent 16464, Gecko_IOThread] WARNING: file z:/build/build/src/ipc/chromium/src/base/process_util_win.cc, line 188
Oct 10, 2018 16:25:52.15 [Parent 16464, Gecko_IOThread] WARNING: pipe error: 109: file z:/build/build/src/ipc/chromium/src/chrome/common/ipc_channel_win.cc, line 346
Oct 10, 2018 16:25:52.22 [Child 16940, Chrome_ChildThread] WARNING: pipe error: 109: file z:/build/build/src/ipc/chromium/src/chrome/common/ipc_channel_win.cc, line 346
Oct 10, 2018 16:25:52.22 [Child 16940, Chrome_ChildThread] WARNING: pipe error: 109: file z:/build/build/src/ipc/chromium/src/chrome/common/ipc_channel_win.cc, line 346
Oct 10, 2018 17:03:56.75 [Child 10992, Chrome_ChildThread] WARNING: pipe error: 109: file z:/build/build/src/ipc/chromium/src/chrome/common/ipc_channel_win.cc, line 346
Oct 10, 2018 17:03:56.75 [Child 10992, Chrome_ChildThread] WARNING: pipe error: 109: file z:/build/build/src/ipc/chromium/src/chrome/common/ipc_channel_win.cc, line 346

Oct 22, 2018 11:21:03.55 NEW SESSION
Oct 22, 2018 11:21:03.55 [Parent 13184, Gecko_IOThread] WARNING: pipe error: 109: file z:/build/build/src/ipc/chromium/src/chrome/common/ipc_channel_win.cc, line 346
Oct 22, 2018 11:21:03.56 [Parent 13184, Gecko_IOThread] WARNING: pipe error: 109: file z:/build/build/src/ipc/chromium/src/chrome/common/ipc_channel_win.cc, line 346
Oct 22, 2018 11:21:03.56 [Parent 13184, Gecko_IOThread] WARNING: pipe error: 109: file z:/build/build/src/ipc/chromium/src/chrome/common/ipc_channel_win.cc, line 346
Oct 22, 2018 11:21:03.56 [Parent 13184, Gecko_IOThread] WARNING: pipe error: 109: file z:/build/build/src/ipc/chromium/src/chrome/common/ipc_channel_win.cc, line 346
Oct 22, 2018 11:21:03.56 [Child 9472, Chrome_ChildThread] WARNING: pipe error: 109: file z:/build/build/src/ipc/chromium/src/chrome/common/ipc_channel_win.cc, line 346
Oct 22, 2018 11:21:03.56 [Child 8420, Chrome_ChildThread] WARNING: pipe error: 109: file z:/build/build/src/ipc/chromium/src/chrome/common/ipc_channel_win.cc, line 346
Oct 22, 2018 11:21:03.58 [Parent 13184, Gecko_IOThread] WARNING: file z:/build/build/src/ipc/chromium/src/base/process_util_win.cc, line 188

Oct 24, 2018 14:34:28.22 NEW SESSION
Oct 24, 2018 14:34:28.22 [Parent 2684, Gecko_IOThread] WARNING: pipe error: 109: file z:/build/build/src/ipc/chromium/src/chrome/common/ipc_channel_win.cc, line 346
Oct 24, 2018 14:34:28.29 [Child 8604, Chrome_ChildThread] WARNING: pipe error: 109: file z:/build/build/src/ipc/chromium/src/chrome/common/ipc_channel_win.cc, line 346
Oct 24, 2018 14:34:28.30 [Child 6976, Chrome_ChildThread] WARNING: pipe error: 109: file z:/build/build/src/ipc/chromium/src/chrome/common/ipc_channel_win.cc, line 346
Oct 24, 2018 14:34:28.30 [Child 6976, Chrome_ChildThread] WARNING: pipe error: 109: file z:/build/build/src/ipc/chromium/src/chrome/common/ipc_channel_win.cc, line 346
Oct 25, 2018 10:49:11.42 [Child 10732, Chrome_ChildThread] WARNING: pipe error: 109: file z:/build/build/src/ipc/chromium/src/chrome/common/ipc_channel_win.cc, line 346
Oct 25, 2018 10:49:11.45 [Child 10732, Chrome_ChildThread] WARNING: pipe error: 109: file z:/build/build/src/ipc/chromium/src/chrome/common/ipc_channel_win.cc, line 346
Oct 25, 2018 10:50:23.55 [Child 10292, Chrome_ChildThread] WARNING: pipe error: 109: file z:/build/build/src/ipc/chromium/src/chrome/common/ipc_channel_win.cc, line 346
Oct 25, 2018 10:50:23.61 [Parent 11620, Gecko_IOThread] WARNING: pipe error: 232: file z:/build/build/src/ipc/chromium/src/chrome/common/ipc_channel_win.cc, line 513
Oct 25, 2018 10:50:23.62 [Child 11796, Chrome_ChildThread] WARNING: pipe error: 109: file z:/build/build/src/ipc/chromium/src/chrome/common/ipc_channel_win.cc, line 346
Oct 25, 2018 10:50:23.62 [Child 11796, Chrome_ChildThread] WARNING: pipe error: 109: file z:/build/build/src/ipc/chromium/src/chrome/common/ipc_channel_win.cc, line 346
Oct 26, 2018 15:18:36.14 [Child 9636, Chrome_ChildThread] WARNING: pipe error: 109: file z:/build/build/src/ipc/chromium/src/chrome/common/ipc_channel_win.cc, line 346
Oct 26, 2018 15:18:36.16 [Child 9636, Chrome_ChildThread] WARNING: pipe error: 109: file z:/build/build/src/ipc/chromium/src/chrome/common/ipc_channel_win.cc, line 346
Oct 26, 2018 15:18:36.16 [Parent 2128, Gecko_IOThread] WARNING: pipe error: 109: file z:/build/build/src/ipc/chromium/src/chrome/common/ipc_channel_win.cc, line 346
Oct 26, 2018 15:18:36.16 [Child 11076, Chrome_ChildThread] WARNING: pipe error: 109: file z:/build/build/src/ipc/chromium/src/chrome/common/ipc_channel_win.cc, line 346
Oct 26, 2018 15:18:36.16 [Child 11076, Chrome_ChildThread] WARNING: pipe error: 109: file z:/build/build/src/ipc/chromium/src/chrome/common/ipc_channel_win.cc, line 346

Nov 21, 2018 10:11:28.45 NEW SESSION
Nov 21, 2018 10:11:28.62 
Nov 21, 2018 10:11:29.09 ###!!! [Parent][RunMessage] Error: Channel error: cannot send/recv
Nov 21, 2018 10:11:29.09 
Nov 21, 2018 10:11:29.09 
Nov 21, 2018 10:11:29.09 ###!!! [Parent][RunMessage] Error: Channel error: cannot send/recv
Nov 21, 2018 10:11:29.09 
Nov 21, 2018 10:11:29.11 
Nov 21, 2018 10:11:29.11 ###!!! [Parent][RunMessage] Error: Channel error: cannot send/recv
Nov 21, 2018 10:11:29.11 
Nov 21, 2018 10:11:29.11 
Nov 21, 2018 10:11:29.12 ###!!! [Parent][RunMessage] Error: Channel error: cannot send/recv
Nov 21, 2018 10:11:29.12 
Nov 21, 2018 10:11:29.12 
Nov 21, 2018 10:11:29.12 ###!!! [Parent][RunMessage] Error: Channel error: cannot send/recv
Nov 21, 2018 10:11:29.12 
Nov 21, 2018 10:11:29.12 
Nov 21, 2018 10:11:29.12 ###!!! [Parent][RunMessage] Error: Channel error: cannot send/recv
Nov 21, 2018 10:11:29.12 
Nov 21, 2018 10:11:29.12 
Nov 21, 2018 10:11:29.12 ###!!! [Parent][RunMessage] Error: Channel error: cannot send/recv
Nov 21, 2018 10:11:29.12 
Nov 21, 2018 10:11:29.12 
Nov 21, 2018 10:11:29.12 ###!!! [Parent][RunMessage] Error: Channel error: cannot send/recv
Nov 21, 2018 10:11:29.12 
Nov 21, 2018 10:11:29.12 
Nov 21, 2018 10:11:29.12 ###!!! [Parent][RunMessage] Error: Channel error: cannot send/recv
Nov 21, 2018 10:11:29.12 
Nov 21, 2018 10:11:29.12 
Nov 21, 2018 10:11:29.14 ###!!! [Parent][RunMessage] Error: Channel error: cannot send/recv
Nov 21, 2018 10:11:29.14 
Nov 21, 2018 10:11:29.14 
Nov 21, 2018 10:11:29.14 ###!!! [Parent][RunMessage] Error: Channel error: cannot send/recv
Nov 21, 2018 10:11:29.14 
Nov 21, 2018 10:11:29.14 
Nov 21, 2018 10:11:29.14 ###!!! [Parent][RunMessage] Error: Channel error: cannot send/recv
Nov 21, 2018 10:11:29.14 
Nov 21, 2018 10:11:29.14 
Nov 21, 2018 10:11:29.14 ###!!! [Parent][RunMessage] Error: Channel error: cannot send/recv
Nov 21, 2018 10:11:29.14 
Nov 21, 2018 10:11:29.14 
Nov 21, 2018 10:11:29.14 ###!!! [Parent][RunMessage] Error: Channel error: cannot send/recv
Nov 21, 2018 10:11:29.14 
Nov 21, 2018 10:11:29.14 
Nov 21, 2018 10:11:29.14 ###!!! [Parent][RunMessage] Error: Channel error: cannot send/recv
Nov 21, 2018 10:11:29.14 
Nov 21, 2018 10:11:29.14 
Nov 21, 2018 10:11:29.14 ###!!! [Parent][RunMessage] Error: Channel error: cannot send/recv
Nov 21, 2018 10:11:29.14 
Nov 21, 2018 10:11:29.15 
Nov 21, 2018 10:11:29.15 ###!!! [Parent][RunMessage] Error: Channel error: cannot send/recv
Nov 21, 2018 10:11:29.15 
Nov 21, 2018 10:11:29.15 
Nov 21, 2018 10:11:29.15 ###!!! [Parent][RunMessage] Error: Channel error: cannot send/recv
Nov 21, 2018 10:11:29.15 
Nov 21, 2018 10:11:29.15 
Nov 21, 2018 10:11:29.15 ###!!! [Parent][RunMessage] Error: Channel error: cannot send/recv
Nov 21, 2018 10:11:29.15 
Nov 21, 2018 10:11:29.15 
Nov 21, 2018 10:11:29.15 ###!!! [Parent][RunMessage] Error: Channel error: cannot send/recv
Nov 21, 2018 10:11:29.15 
Nov 21, 2018 10:11:29.15 
Nov 21, 2018 10:11:29.15 ###!!! [Parent][RunMessage] Error: Channel error: cannot send/recv
Nov 21, 2018 10:11:29.15 
Nov 21, 2018 10:11:29.15 
Nov 21, 2018 10:11:29.15 ###!!! [Parent][RunMessage] Error: Channel error: cannot send/recv
Nov 21, 2018 10:11:29.15 
Nov 21, 2018 10:11:29.15 
Nov 21, 2018 10:11:29.33 ###!!! [Parent][RunMessage] Error: Channel error: cannot send/recv
Nov 21, 2018 10:11:29.34 
Nov 21, 2018 10:11:29.34 
Nov 21, 2018 10:11:29.34 ###!!! [Parent][RunMessage] Error: Channel error: cannot send/recv
Nov 21, 2018 10:11:29.34 
Nov 21, 2018 10:11:29.34 
Nov 21, 2018 10:11:29.34 ###!!! [Parent][RunMessage] Error: Channel error: cannot send/recv
Nov 21, 2018 10:11:29.34 
Nov 21, 2018 10:11:29.34 
Nov 21, 2018 10:11:29.34 ###!!! [Parent][RunMessage] Error: Channel error: cannot send/recv
Nov 21, 2018 10:11:29.34 
Nov 21, 2018 10:11:29.39 
Nov 21, 2018 10:11:29.39 ###!!! [Parent][RunMessage] Error: Channel error: cannot send/recv
Nov 21, 2018 10:11:29.39 
Nov 21, 2018 10:11:29.39 
Nov 21, 2018 10:11:29.39 ###!!! [Parent][RunMessage] Error: Channel error: cannot send/recv
Nov 21, 2018 10:11:29.39 
Nov 21, 2018 10:11:29.39 
Nov 21, 2018 10:11:29.39 ###!!! [Parent][RunMessage] Error: Channel error: cannot send/recv
Nov 21, 2018 10:11:29.39 
Nov 21, 2018 10:11:29.39 
Nov 21, 2018 10:11:29.39 ###!!! [Parent][RunMessage] Error: Channel error: cannot send/recv
Nov 21, 2018 10:11:29.39 
Nov 21, 2018 10:11:29.40 
Nov 21, 2018 10:11:29.40 ###!!! [Parent][RunMessage] Error: Channel error: cannot send/recv
Nov 21, 2018 10:11:29.40 
Nov 21, 2018 10:11:29.40 
Nov 21, 2018 10:11:29.40 ###!!! [Parent][RunMessage] Error: Channel error: cannot send/recv
Nov 21, 2018 10:11:29.40 
Nov 21, 2018 10:11:29.40 
Nov 21, 2018 10:11:29.40 ###!!! [Parent][RunMessage] Error: Channel error: cannot send/recv
Nov 21, 2018 10:11:29.40 
Nov 21, 2018 10:11:29.40 
Nov 21, 2018 10:11:29.40 ###!!! [Parent][RunMessage] Error: Channel error: cannot send/recv
Nov 21, 2018 10:11:29.40 
Nov 21, 2018 10:11:29.40 
Nov 21, 2018 10:11:29.40 ###!!! [Parent][RunMessage] Error: Channel error: cannot send/recv
Nov 21, 2018 10:11:29.40 
Nov 21, 2018 10:11:29.40 
Nov 21, 2018 10:11:29.40 ###!!! [Parent][RunMessage] Error: Channel error: cannot send/recv
Nov 21, 2018 10:11:29.40 
Nov 21, 2018 10:11:29.40 
Nov 21, 2018 10:11:29.42 ###!!! [Parent][RunMessage] Error: Channel error: cannot send/recv
Nov 21, 2018 10:11:29.42 
Nov 21, 2018 10:11:29.42 
Nov 21, 2018 10:11:29.42 ###!!! [Parent][RunMessage] Error: Channel error: cannot send/recv
Nov 21, 2018 10:11:29.42 
Nov 21, 2018 10:11:29.42 
Nov 21, 2018 10:11:29.42 ###!!! [Parent][RunMessage] Error: Channel error: cannot send/recv
Nov 21, 2018 10:11:29.42 
Nov 21, 2018 10:11:29.42 
Nov 21, 2018 10:11:29.42 ###!!! [Parent][RunMessage] Error: Channel error: cannot send/recv
Nov 21, 2018 10:11:29.42 
Nov 21, 2018 10:11:29.42 
Nov 21, 2018 10:11:29.42 ###!!! [Parent][RunMessage] Error: Channel error: cannot send/recv
Nov 21, 2018 10:11:29.42 
Nov 21, 2018 10:11:29.42 
Nov 21, 2018 10:11:29.42 ###!!! [Parent][RunMessage] Error: Channel error: cannot send/recv
Nov 21, 2018 10:11:29.42 
Nov 21, 2018 10:11:29.42 
Nov 21, 2018 10:11:29.42 ###!!! [Parent][RunMessage] Error: Channel error: cannot send/recv
Nov 21, 2018 10:11:29.42 
Nov 21, 2018 10:11:29.42 
Nov 21, 2018 10:11:29.42 ###!!! [Parent][RunMessage] Error: Channel error: cannot send/recv
Nov 21, 2018 10:11:29.42 
Nov 21, 2018 10:11:29.42 
Nov 21, 2018 10:11:29.42 ###!!! [Parent][RunMessage] Error: Channel error: cannot send/recv
Nov 21, 2018 10:11:29.42 
Nov 21, 2018 10:11:29.42 
Nov 21, 2018 10:11:29.42 ###!!! [Parent][RunMessage] Error: Channel error: cannot send/recv
Nov 21, 2018 10:11:29.42 
Nov 21, 2018 10:11:29.42 
Nov 21, 2018 10:11:29.42 ###!!! [Parent][RunMessage] Error: Channel error: cannot send/recv
Nov 21, 2018 10:11:29.44 
Nov 21, 2018 10:11:29.44 
Nov 21, 2018 10:11:29.44 ###!!! [Parent][RunMessage] Error: Channel error: cannot send/recv
Nov 21, 2018 10:11:29.44 
Nov 21, 2018 10:11:29.44 
Nov 21, 2018 10:11:29.44 ###!!! [Parent][RunMessage] Error: Channel error: cannot send/recv
Nov 21, 2018 10:11:29.44 
Nov 21, 2018 10:11:29.44 
Nov 21, 2018 10:11:29.44 ###!!! [Parent][RunMessage] Error: Channel error: cannot send/recv
Nov 21, 2018 10:11:29.44 
Nov 21, 2018 10:11:29.44 
Nov 21, 2018 10:11:29.44 ###!!! [Parent][RunMessage] Error: Channel error: cannot send/recv
Nov 21, 2018 10:11:29.44 
Nov 21, 2018 10:11:29.44 
Nov 21, 2018 10:11:29.44 ###!!! [Parent][RunMessage] Error: Channel error: cannot send/recv
Nov 21, 2018 10:11:29.44 
Nov 21, 2018 10:11:29.44 
Nov 21, 2018 10:11:29.44 ###!!! [Parent][RunMessage] Error: Channel error: cannot send/recv
Nov 21, 2018 10:11:29.44 
Nov 21, 2018 10:11:29.44 
Nov 21, 2018 10:11:29.44 ###!!! [Parent][RunMessage] Error: Channel error: cannot send/recv
Nov 21, 2018 10:11:29.44 
Nov 21, 2018 10:11:29.44 
Nov 21, 2018 10:11:29.44 ###!!! [Parent][RunMessage] Error: Channel error: cannot send/recv
Nov 21, 2018 10:11:29.44 
Nov 21, 2018 10:11:29.44 
Nov 21, 2018 10:11:29.44 ###!!! [Parent][RunMessage] Error: Channel error: cannot send/recv
Nov 21, 2018 10:11:29.44 
Nov 21, 2018 10:11:29.44 
Nov 21, 2018 10:11:29.44 ###!!! [Parent][RunMessage] Error: Channel error: cannot send/recv
Nov 21, 2018 10:11:29.44 
Nov 21, 2018 10:11:29.45 
Nov 21, 2018 10:11:29.45 ###!!! [Parent][RunMessage] Error: Channel error: cannot send/recv
Nov 21, 2018 10:11:29.45 
Nov 21, 2018 10:11:29.45 
Nov 21, 2018 10:11:29.45 ###!!! [Parent][RunMessage] Error: Channel error: cannot send/recv
Nov 21, 2018 10:11:29.45 
Nov 21, 2018 10:11:29.45 
Nov 21, 2018 10:11:29.45 ###!!! [Parent][RunMessage] Error: Channel error: cannot send/recv
Nov 21, 2018 10:11:29.45 
Nov 21, 2018 10:11:29.45 
Nov 21, 2018 10:11:29.45 ###!!! [Parent][RunMessage] Error: Channel error: cannot send/recv
Nov 21, 2018 10:11:29.45 
Nov 21, 2018 10:11:29.45 
Nov 21, 2018 10:11:29.45 ###!!! [Parent][RunMessage] Error: Channel error: cannot send/recv
Nov 21, 2018 10:11:29.45 
Nov 21, 2018 10:11:33.44 
Nov 21, 2018 10:11:33.44 ###!!! [Parent][RunMessage] Error: Channel error: cannot send/recv
Nov 21, 2018 10:11:33.44 
Nov 21, 2018 10:11:33.44 
Nov 21, 2018 10:11:33.44 ###!!! [Parent][RunMessage] Error: Channel error: cannot send/recv
Nov 21, 2018 10:11:33.44 
Nov 21, 2018 10:11:33.44 
Nov 21, 2018 10:11:33.46 ###!!! [Parent][RunMessage] Error: Channel error: cannot send/recv
Nov 21, 2018 10:11:33.46 
Nov 21, 2018 10:11:33.46 
Nov 21, 2018 10:11:33.46 ###!!! [Parent][RunMessage] Error: Channel error: cannot send/recv
Nov 21, 2018 10:11:33.46 
Nov 21, 2018 10:11:33.46 
Nov 21, 2018 10:11:33.46 ###!!! [Parent][RunMessage] Error: Channel error: cannot send/recv
Nov 21, 2018 10:11:33.46 
Nov 21, 2018 10:11:33.73 
Nov 21, 2018 10:11:33.73 ###!!! [Parent][RunMessage] Error: Channel error: cannot send/recv
Nov 21, 2018 10:11:33.73 
Nov 21, 2018 10:11:33.73 
Nov 21, 2018 10:11:33.73 ###!!! [Parent][RunMessage] Error: Channel error: cannot send/recv
Nov 21, 2018 10:11:33.73 
Nov 21, 2018 10:11:33.73 
Nov 21, 2018 10:11:33.73 ###!!! [Parent][RunMessage] Error: Channel error: cannot send/recv
Nov 21, 2018 10:11:33.73 
Nov 21, 2018 10:11:33.73 
Nov 21, 2018 10:11:33.73 ###!!! [Parent][RunMessage] Error: Channel error: cannot send/recv
Nov 21, 2018 10:11:33.73 
Nov 21, 2018 10:11:33.74 
Nov 21, 2018 10:11:33.74 ###!!! [Parent][RunMessage] Error: Channel error: cannot send/recv
Nov 21, 2018 10:11:33.74 
Nov 21, 2018 10:11:33.74 
Nov 21, 2018 10:11:33.74 ###!!! [Parent][RunMessage] Error: Channel error: cannot send/recv
Nov 21, 2018 10:11:33.74 
Nov 21, 2018 10:11:33.74 
Nov 21, 2018 10:11:33.74 ###!!! [Parent][RunMessage] Error: Channel error: cannot send/recv
Nov 21, 2018 10:11:33.74 
Nov 21, 2018 10:11:33.74 
Nov 21, 2018 10:11:33.74 ###!!! [Parent][RunMessage] Error: Channel error: cannot send/recv
Nov 21, 2018 10:11:33.74 
Nov 21, 2018 10:11:33.74 
Nov 21, 2018 10:11:33.74 ###!!! [Parent][RunMessage] Error: Channel error: cannot send/recv
Nov 21, 2018 10:11:33.74 
Nov 21, 2018 10:11:33.74 
Nov 21, 2018 10:11:33.76 ###!!! [Parent][RunMessage] Error: Channel error: cannot send/recv
Nov 21, 2018 10:11:33.77 
Nov 21, 2018 10:11:33.77 
Nov 21, 2018 10:11:33.77 ###!!! [Parent][RunMessage] Error: Channel error: cannot send/recv
Nov 21, 2018 10:11:33.77 
Nov 21, 2018 10:11:33.77 
Nov 21, 2018 10:11:33.77 ###!!! [Parent][RunMessage] Error: Channel error: cannot send/recv
Nov 21, 2018 10:11:33.77 
Nov 21, 2018 10:11:33.77 
Nov 21, 2018 10:11:33.77 ###!!! [Parent][RunMessage] Error: Channel error: cannot send/recv
Nov 21, 2018 10:11:33.77 
Nov 21, 2018 10:11:33.77 
Nov 21, 2018 10:11:33.77 ###!!! [Parent][RunMessage] Error: Channel error: cannot send/recv
Nov 21, 2018 10:11:33.77 
Nov 21, 2018 10:11:33.77 
Nov 21, 2018 10:11:33.77 ###!!! [Parent][RunMessage] Error: Channel error: cannot send/recv
Nov 21, 2018 10:11:33.77 
Nov 21, 2018 10:11:33.82 
Nov 21, 2018 10:11:33.82 ###!!! [Parent][RunMessage] Error: Channel error: cannot send/recv
Nov 21, 2018 10:11:33.82 
Nov 21, 2018 10:11:33.82 
Nov 21, 2018 10:11:33.82 ###!!! [Parent][RunMessage] Error: Channel error: cannot send/recv
Nov 21, 2018 10:11:33.82 
Nov 21, 2018 10:11:33.82 
Nov 21, 2018 10:11:33.82 ###!!! [Parent][RunMessage] Error: Channel error: cannot send/recv
Nov 21, 2018 10:11:33.82 
Nov 21, 2018 10:11:33.82 
Nov 21, 2018 10:11:33.82 ###!!! [Parent][RunMessage] Error: Channel error: cannot send/recv
Nov 21, 2018 10:11:33.82 
Nov 21, 2018 10:11:33.82 
Nov 21, 2018 10:11:33.82 ###!!! [Parent][RunMessage] Error: Channel error: cannot send/recv
Nov 21, 2018 10:11:33.82 
Nov 21, 2018 10:11:33.82 
Nov 21, 2018 10:11:33.82 ###!!! [Parent][RunMessage] Error: Channel error: cannot send/recv
Nov 21, 2018 10:11:33.82 
Nov 21, 2018 10:11:33.82 
Nov 21, 2018 10:11:33.82 ###!!! [Parent][RunMessage] Error: Channel error: cannot send/recv
Nov 21, 2018 10:11:33.82 
Nov 21, 2018 10:11:33.82 
Nov 21, 2018 10:11:33.83 ###!!! [Parent][RunMessage] Error: Channel error: cannot send/recv
Nov 21, 2018 10:11:33.83 
Nov 21, 2018 10:11:33.83 
Nov 21, 2018 10:11:33.83 ###!!! [Parent][RunMessage] Error: Channel error: cannot send/recv
Nov 21, 2018 10:11:33.83 
Nov 21, 2018 10:11:33.83 
Nov 21, 2018 10:11:33.83 ###!!! [Parent][RunMessage] Error: Channel error: cannot send/recv
Nov 21, 2018 10:11:33.83 
Nov 21, 2018 10:11:33.83 
Nov 21, 2018 10:11:33.83 ###!!! [Parent][RunMessage] Error: Channel error: cannot send/recv
Nov 21, 2018 10:11:33.83 
Nov 21, 2018 10:11:33.83 
Nov 21, 2018 10:11:33.83 ###!!! [Parent][RunMessage] Error: Channel error: cannot send/recv
Nov 21, 2018 10:11:33.83 
Nov 21, 2018 10:11:33.83 
Nov 21, 2018 10:11:33.83 ###!!! [Parent][RunMessage] Error: Channel error: cannot send/recv
Nov 21, 2018 10:11:33.83 
Nov 21, 2018 10:11:33.83 
Nov 21, 2018 10:11:33.83 ###!!! [Parent][RunMessage] Error: Channel error: cannot send/recv
Nov 21, 2018 10:11:33.83 
Nov 21, 2018 10:11:33.88 
Nov 21, 2018 10:11:33.88 ###!!! [Parent][RunMessage] Error: Channel error: cannot send/recv
Nov 21, 2018 10:11:33.88 
Nov 21, 2018 10:11:33.88 
Nov 21, 2018 10:11:33.88 ###!!! [Parent][RunMessage] Error: Channel error: cannot send/recv
Nov 21, 2018 10:11:33.88 
Nov 21, 2018 10:11:33.88 
Nov 21, 2018 10:11:33.88 ###!!! [Parent][RunMessage] Error: Channel error: cannot send/recv
Nov 21, 2018 10:11:33.88 
Nov 21, 2018 10:11:33.88 
Nov 21, 2018 10:11:33.91 ###!!! [Parent][RunMessage] Error: Channel error: cannot send/recv
Nov 21, 2018 10:11:33.91 
Nov 21, 2018 10:11:33.91 
Nov 21, 2018 10:11:33.91 ###!!! [Parent][RunMessage] Error: Channel error: cannot send/recv
Nov 21, 2018 10:11:33.91 
Nov 21, 2018 10:11:33.91 
Nov 21, 2018 10:11:33.91 ###!!! [Parent][RunMessage] Error: Channel error: cannot send/recv
Nov 21, 2018 10:11:33.91 
Nov 21, 2018 10:11:33.91 
Nov 21, 2018 10:11:33.91 ###!!! [Parent][RunMessage] Error: Channel error: cannot send/recv
Nov 21, 2018 10:11:33.91 
Nov 21, 2018 10:11:33.91 
Nov 21, 2018 10:11:33.91 ###!!! [Parent][RunMessage] Error: Channel error: cannot send/recv
Nov 21, 2018 10:11:33.91 
Nov 21, 2018 10:11:33.91 
Nov 21, 2018 10:11:33.91 ###!!! [Parent][RunMessage] Error: Channel error: cannot send/recv
Nov 21, 2018 10:11:33.93 
Nov 21, 2018 10:11:33.93 
Nov 21, 2018 10:11:33.93 ###!!! [Parent][RunMessage] Error: Channel error: cannot send/recv
Nov 21, 2018 10:11:33.93 
Nov 21, 2018 10:11:33.93 
Nov 21, 2018 10:11:33.93 ###!!! [Parent][RunMessage] Error: Channel error: cannot send/recv
Nov 21, 2018 10:11:33.93 
Nov 21, 2018 10:11:33.93 
Nov 21, 2018 10:11:33.93 ###!!! [Parent][RunMessage] Error: Channel error: cannot send/recv
Nov 21, 2018 10:11:33.93 
Nov 21, 2018 10:11:33.93 
Nov 21, 2018 10:11:33.93 ###!!! [Parent][RunMessage] Error: Channel error: cannot send/recv
Nov 21, 2018 10:11:33.93 
Nov 21, 2018 10:11:33.93 
Nov 21, 2018 10:11:33.93 ###!!! [Parent][RunMessage] Error: Channel error: cannot send/recv
Nov 21, 2018 10:11:33.93 
Nov 21, 2018 10:11:33.93 
Nov 21, 2018 10:11:33.93 ###!!! [Parent][RunMessage] Error: Channel error: cannot send/recv
Nov 21, 2018 10:11:33.93 
Nov 21, 2018 10:11:33.93 
Nov 21, 2018 10:11:33.93 ###!!! [Parent][RunMessage] Error: Channel error: cannot send/recv
Nov 21, 2018 10:11:33.93 
Nov 21, 2018 10:11:33.93 
Nov 21, 2018 10:11:33.93 ###!!! [Parent][RunMessage] Error: Channel error: cannot send/recv
Nov 21, 2018 10:11:33.93 
Nov 21, 2018 10:11:33.93 
Nov 21, 2018 10:11:33.94 ###!!! [Parent][RunMessage] Error: Channel error: cannot send/recv
Nov 21, 2018 10:11:33.94 
Nov 21, 2018 10:11:33.94 
Nov 21, 2018 10:11:33.94 ###!!! [Parent][RunMessage] Error: Channel error: cannot send/recv
Nov 21, 2018 10:11:33.94 
Nov 21, 2018 10:11:33.94 
Nov 21, 2018 10:11:33.94 ###!!! [Parent][RunMessage] Error: Channel error: cannot send/recv
Nov 21, 2018 10:11:33.94 
Nov 21, 2018 10:11:33.94 
Nov 21, 2018 10:11:33.94 ###!!! [Parent][RunMessage] Error: Channel error: cannot send/recv
Nov 21, 2018 10:11:33.94 
Nov 21, 2018 10:11:33.94 
Nov 21, 2018 10:11:33.94 ###!!! [Parent][RunMessage] Error: Channel error: cannot send/recv
Nov 21, 2018 10:11:33.94 
Nov 21, 2018 10:11:33.94 
Nov 21, 2018 10:11:33.94 ###!!! [Parent][RunMessage] Error: Channel error: cannot send/recv
Nov 21, 2018 10:11:33.94 
Nov 21, 2018 10:11:33.94 
Nov 21, 2018 10:11:33.94 ###!!! [Parent][RunMessage] Error: Channel error: cannot send/recv
Nov 21, 2018 10:11:33.94 
Nov 21, 2018 10:11:33.94 
Nov 21, 2018 10:11:33.94 ###!!! [Parent][RunMessage] Error: Channel error: cannot send/recv
Nov 21, 2018 10:11:33.94 
Nov 21, 2018 10:11:33.94 
Nov 21, 2018 10:11:33.94 ###!!! [Parent][RunMessage] Error: Channel error: cannot send/recv
Nov 21, 2018 10:11:33.94 
Nov 21, 2018 10:11:33.94 
Nov 21, 2018 10:11:33.94 ###!!! [Parent][RunMessage] Error: Channel error: cannot send/recv
Nov 21, 2018 10:11:33.96 
Nov 21, 2018 10:11:33.96 
Nov 21, 2018 10:11:33.96 ###!!! [Parent][RunMessage] Error: Channel error: cannot send/recv
Nov 21, 2018 10:11:33.96 
Nov 21, 2018 10:11:33.96 
Nov 21, 2018 10:11:33.96 ###!!! [Parent][RunMessage] Error: Channel error: cannot send/recv
Nov 21, 2018 10:11:33.96 
Nov 21, 2018 10:11:33.96 
Nov 21, 2018 10:11:33.96 ###!!! [Parent][RunMessage] Error: Channel error: cannot send/recv
Nov 21, 2018 10:11:33.96 
Nov 21, 2018 10:11:33.96 
Nov 21, 2018 10:11:33.96 ###!!! [Parent][RunMessage] Error: Channel error: cannot send/recv
Nov 21, 2018 10:11:33.96 
Nov 21, 2018 10:11:33.96 
Nov 21, 2018 10:11:33.96 ###!!! [Parent][RunMessage] Error: Channel error: cannot send/recv
Nov 21, 2018 10:11:33.96 
Nov 21, 2018 10:11:33.96 
Nov 21, 2018 10:11:33.96 ###!!! [Parent][RunMessage] Error: Channel error: cannot send/recv
Nov 21, 2018 10:11:33.96 
Nov 21, 2018 10:11:33.96 
Nov 21, 2018 10:11:33.96 ###!!! [Parent][RunMessage] Error: Channel error: cannot send/recv
Nov 21, 2018 10:11:33.96 
Nov 21, 2018 10:11:33.96 
Nov 21, 2018 10:11:33.96 ###!!! [Parent][RunMessage] Error: Channel error: cannot send/recv
Nov 21, 2018 10:11:33.96 
Nov 21, 2018 10:11:33.96 
Nov 21, 2018 10:11:33.96 ###!!! [Parent][RunMessage] Error: Channel error: cannot send/recv
Nov 21, 2018 10:11:33.96 
Nov 21, 2018 10:11:33.96 
Nov 21, 2018 10:11:33.96 ###!!! [Parent][RunMessage] Error: Channel error: cannot send/recv
Nov 21, 2018 10:11:33.96 
Nov 21, 2018 10:11:33.96 
Nov 21, 2018 10:11:33.96 ###!!! [Parent][RunMessage] Error: Channel error: cannot send/recv
Nov 21, 2018 10:11:33.96 
Nov 21, 2018 10:11:33.96 
Nov 21, 2018 10:11:33.96 ###!!! [Parent][RunMessage] Error: Channel error: cannot send/recv
Nov 21, 2018 10:11:33.96 
Nov 21, 2018 10:11:33.96 
Nov 21, 2018 10:11:33.96 ###!!! [Parent][RunMessage] Error: Channel error: cannot send/recv
Nov 21, 2018 10:11:33.98 
Nov 21, 2018 10:11:33.98 
Nov 21, 2018 10:11:33.98 ###!!! [Parent][RunMessage] Error: Channel error: cannot send/recv
Nov 21, 2018 10:11:33.98 
Nov 21, 2018 10:11:33.98 
Nov 21, 2018 10:11:33.98 ###!!! [Parent][RunMessage] Error: Channel error: cannot send/recv
Nov 21, 2018 10:11:33.98 
Nov 21, 2018 10:11:33.98 
Nov 21, 2018 10:11:33.98 ###!!! [Parent][RunMessage] Error: Channel error: cannot send/recv
Nov 21, 2018 10:11:33.98 
Nov 21, 2018 10:11:33.98 
Nov 21, 2018 10:11:33.98 ###!!! [Parent][RunMessage] Error: Channel error: cannot send/recv
Nov 21, 2018 10:11:33.98 
Nov 21, 2018 10:11:33.98 
Nov 21, 2018 10:11:33.98 ###!!! [Parent][RunMessage] Error: Channel error: cannot send/recv
Nov 21, 2018 10:11:33.98 
Nov 21, 2018 10:11:33.98 
Nov 21, 2018 10:11:33.98 ###!!! [Parent][RunMessage] Error: Channel error: cannot send/recv
Nov 21, 2018 10:11:33.98 
Nov 21, 2018 10:11:33.98 
Nov 21, 2018 10:11:33.98 ###!!! [Parent][RunMessage] Error: Channel error: cannot send/recv
Nov 21, 2018 10:11:33.98 
Nov 21, 2018 10:11:34.77 
Nov 21, 2018 10:11:34.77 ###!!! [Parent][RunMessage] Error: Channel error: cannot send/recv
Nov 21, 2018 10:11:34.77 
Nov 21, 2018 10:11:34.77 
Nov 21, 2018 10:11:34.77 ###!!! [Parent][RunMessage] Error: Channel error: cannot send/recv
Nov 21, 2018 10:11:34.77 
Nov 21, 2018 10:11:40.15 [Parent 1200, Gecko_IOThread] WARNING: pipe error: 109: file z:/build/build/src/ipc/chromium/src/chrome/common/ipc_channel_win.cc, line 346
Nov 21, 2018 10:11:40.26 [Child 6728, Chrome_ChildThread] WARNING: pipe error: 109: file z:/build/build/src/ipc/chromium/src/chrome/common/ipc_channel_win.cc, line 346
Nov 21, 2018 10:11:40.26 [Child 6728, Chrome_ChildThread] WARNING: pipe error: 109: file z:/build/build/src/ipc/chromium/src/chrome/common/ipc_channel_win.cc, line 346

Feb 27, 2019 15:16:47.04 NEW SESSION
Feb 27, 2019 15:16:47.04 [Parent 11016, Gecko_IOThread] WARNING: pipe error: 109: file z:/build/build/src/ipc/chromium/src/chrome/common/ipc_channel_win.cc, line 346
Feb 27, 2019 15:16:47.10 [Parent 11016, Gecko_IOThread] WARNING: pipe error: 109: file z:/build/build/src[/ipChic/cld 1hro128mi4, Cum/hrome_ChsrildThreac/chromd] We/cARNINGomm: pion/pe eipc_rror: 109chan: finelle z:_win./builcc, d/builinld/se 3rc/ipc/ch46romiu
Feb 27, 2019 15:16:47.10 m/src/chrome/common/ipc_channel_win.cc, line 346
Feb 27, 2019 15:16:47.10 [Child 11284, Chrome_ChildThread] WARNING: pipe error: 109: file z:/build/build/src/ipc/chromi[Child 5708, Chrome_ChildThread] WARNING: pipe error: 109: file z:/build/build/src/ipc/chromium/src/chrome/common/ipc_channel_win.cc, line 346
Feb 27, 2019 15:16:47.10 [Child 5708, Chrome_ChildThread] WARNING: pipe error: 109: file z:/build/build/src/ipc/chromium/src/chrome/common/ipc_channel_win.cc, line 346
Feb 27, 2019 15:16:47.10 [Parent 11016, Gecko_IOThread] WARNING: file z:/build/build/src/ipc/chromium/src/base/process_util_win.cc, line 188
Feb 27, 2019 15:16:47.10 [Child 13816, Chrome_ChildThread] WARNING: pipe error: 109: file z:/build/build/src/ipc/chromium/src/chrome/common/ipc_channel_win.cc, line 346
Feb 27, 2019 15:16:47.10 [Child 13816, Chrome_ChildThread] WARNING: pipe error: 109: file z:/build/build/src/ipc/chromium/src/chrome/common/ipc_channel_win.cc, line 346
Feb 27, 2019 15:16:47.11 [Parent 11016, Gecko_IOThread] WARNING: file z:/build/build/src/ipc/chromium/src/base/process_util_win.cc, line 188
